<?xml version="1.0" encoding="UTF-8"?>
<!-- Generated by org.testng.reporters.JUnitXMLReporter -->
<testsuite hostname="IBM-Testing01" ignored="0" name="GroupTest" tests="8" failures="0" timestamp="08 Jan 2020 05:55:12 GMT" time="0.074" errors="0">
  
  <testcase name="test1" time="0.026" classname="grouppackage.TestGroup1"/>
  
  <testcase name="test2" time="0.002" classname="grouppackage.TestGroup1"/>
  
  <testcase name="test3" time="0.003" classname="grouppackage.TestGroup1"/>
  
  <testcase name="test4" time="0.001" classname="grouppackage.TestGroup1"/>
  <testcase name="test5" time="0.001" classname="grouppackage.TestGroup2"/>
  <testcase name="test6" time="0.005" classname="grouppackage.TestGroup2"/>
  <testcase name="test7" time="0.002" classname="grouppackage.TestGroup2"/>
  <testcase name="test8" time="0.002" classname="grouppackage.TestGroup2"/>
</testsuite> <!-- GroupTest -->
